# JRE version: Java(TM) SE Runtime Environment (8.0_25-b18) (build 1.8.0_25-b18)
# Java VM: Java HotSpot(TM) 64-Bit Server VM (25.25-b02 mixed mode windows-amd64 compressed oops)
Heap:
 PSYoungGen      total 237568K, used 64853K [0x00000000eab00000, 0x00000000fa680000, 0x0000000100000000)
  eden space 223744K, 28% used [0x00000000eab00000,0x00000000eea55520,0x00000000f8580000)
  from space 13824K, 0% used [0x00000000f9780000,0x00000000f9780000,0x00000000fa500000)
  to   space 16896K, 0% used [0x00000000f8580000,0x00000000f8580000,0x00000000f9600000)
 ParOldGen       total 88576K, used 22852K [0x00000000c0000000, 0x00000000c5680000, 0x00000000eab00000)
  object space 88576K, 25% used [0x00000000c0000000,0x00000000c1651318,0x00000000c5680000)
 Metaspace       used 39591K, capacity 40300K, committed 40448K, reserved 1083392K
  class space    used 5404K, capacity 5584K, committed 5632K, reserved 1048576K
GC Heap History (10 events):
Event: 3.905 GC heap before
{Heap before GC invocations=4 (full 0):
 PSYoungGen      total 70656K, used 14945K [0x00000000eab00000, 0x00000000f3500000, 0x0000000100000000)
  eden space 65536K, 15% used [0x00000000eab00000,0x00000000eb4a0758,0x00000000eeb00000)
  from space 5120K, 99% used [0x00000000eeb00000,0x00000000eeff8040,0x00000000ef000000)
  to   space 5120K, 0% used [0x00000000f3000000,0x00000000f3000000,0x00000000f3500000)
 ParOldGen       total 86016K, used 8033K [0x00000000c0000000, 0x00000000c5400000, 0x00000000eab00000)
  object space 86016K, 9% used [0x00000000c0000000,0x00000000c07d84c0,0x00000000c5400000)
 Metaspace       used 20952K, capacity 21262K, committed 21296K, reserved 1067008K
  class space    used 2811K, capacity 2939K, committed 2944K, reserved 1048576K
Event: 3.966 GC heap after
Heap after GC invocations=4 (full 0):
 PSYoungGen      total 136192K, used 5115K [0x00000000eab00000, 0x00000000f3500000, 0x0000000100000000)
  eden space 131072K, 0% used [0x00000000eab00000,0x00000000eab00000,0x00000000f2b00000)
  from space 5120K, 99% used [0x00000000f3000000,0x00000000f34fee68,0x00000000f3500000)
  to   space 5120K, 0% used [0x00000000f2b00000,0x00000000f2b00000,0x00000000f3000000)
 ParOldGen       total 86016K, used 8957K [0x00000000c0000000, 0x00000000c5400000, 0x00000000eab00000)
  object space 86016K, 10% used [0x00000000c0000000,0x00000000c08bf538,0x00000000c5400000)
 Metaspace       used 20952K, capacity 21262K, committed 21296K, reserved 1067008K
  class space    used 2811K, capacity 2939K, committed 2944K, reserved 1048576K
}
Event: 3.967 GC heap before
{Heap before GC invocations=5 (full 1):
 PSYoungGen      total 136192K, used 5115K [0x00000000eab00000, 0x00000000f3500000, 0x0000000100000000)
  eden space 131072K, 0% used [0x00000000eab00000,0x00000000eab00000,0x00000000f2b00000)
  from space 5120K, 99% used [0x00000000f3000000,0x00000000f34fee68,0x00000000f3500000)
  to   space 5120K, 0% used [0x00000000f2b00000,0x00000000f2b00000,0x00000000f3000000)
 ParOldGen       total 86016K, used 8957K [0x00000000c0000000, 0x00000000c5400000, 0x00000000eab00000)
  object space 86016K, 10% used [0x00000000c0000000,0x00000000c08bf538,0x00000000c5400000)
 Metaspace       used 20952K, capacity 21262K, committed 21296K, reserved 1067008K
  class space    used 2811K, capacity 2939K, committed 2944K, reserved 1048576K
Event: 4.052 GC heap after
Heap after GC invocations=5 (full 1):
 PSYoungGen      total 136192K, used 0K [0x00000000eab00000, 0x00000000f3500000, 0x0000000100000000)
  eden space 131072K, 0% used [0x00000000eab00000,0x00000000eab00000,0x00000000f2b00000)
  from space 5120K, 0% used [0x00000000f3000000,0x00000000f3000000,0x00000000f3500000)
  to   space 5120K, 0% used [0x00000000f2b00000,0x00000000f2b00000,0x00000000f3000000)
 ParOldGen       total 56320K, used 8164K [0x00000000c0000000, 0x00000000c3700000, 0x00000000eab00000)
  object space 56320K, 14% used [0x00000000c0000000,0x00000000c07f93d8,0x00000000c3700000)
 Metaspace       used 20951K, capacity 21260K, committed 21296K, reserved 1067008K
  class space    used 2810K, capacity 2938K, committed 2944K, reserved 1048576K
}
Event: 7.175 GC heap before
{Heap before GC invocations=6 (full 1):
 PSYoungGen      total 136192K, used 131072K [0x00000000eab00000, 0x00000000f3500000, 0x0000000100000000)
  eden space 131072K, 100% used [0x00000000eab00000,0x00000000f2b00000,0x00000000f2b00000)
  from space 5120K, 0% used [0x00000000f3000000,0x00000000f3000000,0x00000000f3500000)
  to   space 5120K, 0% used [0x00000000f2b00000,0x00000000f2b00000,0x00000000f3000000)
 ParOldGen       total 56320K, used 8164K [0x00000000c0000000, 0x00000000c3700000, 0x00000000eab00000)
  object space 56320K, 14% used [0x00000000c0000000,0x00000000c07f93d8,0x00000000c3700000)
 Metaspace       used 29189K, capacity 29662K, committed 29952K, reserved 1075200K
  class space    used 3935K, capacity 4073K, committed 4096K, reserved 1048576K
Event: 7.307 GC heap after
Heap after GC invocations=6 (full 1):
 PSYoungGen      total 136192K, used 5108K [0x00000000eab00000, 0x00000000fa500000, 0x0000000100000000)
  eden space 131072K, 0% used [0x00000000eab00000,0x00000000eab00000,0x00000000f2b00000)
  from space 5120K, 99% used [0x00000000f2b00000,0x00000000f2ffd210,0x00000000f3000000)
  to   space 13824K, 0% used [0x00000000f9780000,0x00000000f9780000,0x00000000fa500000)
 ParOldGen       total 56320K, used 13554K [0x00000000c0000000, 0x00000000c3700000, 0x00000000eab00000)
  object space 56320K, 24% used [0x00000000c0000000,0x00000000c0d3c8e0,0x00000000c3700000)
 Metaspace       used 29189K, capacity 29662K, committed 29952K, reserved 1075200K
  class space    used 3935K, capacity 4073K, committed 4096K, reserved 1048576K
}
Event: 9.391 GC heap before
{Heap before GC invocations=7 (full 1):
 PSYoungGen      total 136192K, used 121212K [0x00000000eab00000, 0x00000000fa500000, 0x0000000100000000)
  eden space 131072K, 88% used [0x00000000eab00000,0x00000000f1c61ef8,0x00000000f2b00000)
  from space 5120K, 99% used [0x00000000f2b00000,0x00000000f2ffd210,0x00000000f3000000)
  to   space 13824K, 0% used [0x00000000f9780000,0x00000000f9780000,0x00000000fa500000)
 ParOldGen       total 56320K, used 13554K [0x00000000c0000000, 0x00000000c3700000, 0x00000000eab00000)
  object space 56320K, 24% used [0x00000000c0000000,0x00000000c0d3c8e0,0x00000000c3700000)
 Metaspace       used 34740K, capacity 35284K, committed 35496K, reserved 1079296K
  class space    used 4706K, capacity 4843K, committed 4864K, reserved 1048576K
Event: 9.438 GC heap after
Heap after GC invocations=7 (full 1):
 PSYoungGen      total 237568K, used 13817K [0x00000000eab00000, 0x00000000fa680000, 0x0000000100000000)
  eden space 223744K, 0% used [0x00000000eab00000,0x00000000eab00000,0x00000000f8580000)
  from space 13824K, 99% used [0x00000000f9780000,0x00000000fa4fe608,0x00000000fa500000)
  to   space 16896K, 0% used [0x00000000f8580000,0x00000000f8580000,0x00000000f9600000)
 ParOldGen       total 56320K, used 14730K [0x00000000c0000000, 0x00000000c3700000, 0x00000000eab00000)
  object space 56320K, 26% used [0x00000000c0000000,0x00000000c0e629a8,0x00000000c3700000)
 Metaspace       used 34740K, capacity 35284K, committed 35496K, reserved 1079296K
  class space    used 4706K, capacity 4843K, committed 4864K, reserved 1048576K
}
Event: 9.438 GC heap before
{Heap before GC invocations=8 (full 2):
 PSYoungGen      total 237568K, used 13817K [0x00000000eab00000, 0x00000000fa680000, 0x0000000100000000)
  eden space 223744K, 0% used [0x00000000eab00000,0x00000000eab00000,0x00000000f8580000)
  from space 13824K, 99% used [0x00000000f9780000,0x00000000fa4fe608,0x00000000fa500000)
  to   space 16896K, 0% used [0x00000000f8580000,0x00000000f8580000,0x00000000f9600000)
 ParOldGen       total 56320K, used 14730K [0x00000000c0000000, 0x00000000c3700000, 0x00000000eab00000)
  object space 56320K, 26% used [0x00000000c0000000,0x00000000c0e629a8,0x00000000c3700000)
 Metaspace       used 34740K, capacity 35284K, committed 35496K, reserved 1079296K
  class space    used 4706K, capacity 4843K, committed 4864K, reserved 1048576K
Event: 9.708 GC heap after
Heap after GC invocations=8 (full 2):
 PSYoungGen      total 237568K, used 0K [0x00000000eab00000, 0x00000000fa680000, 0x0000000100000000)
  eden space 223744K, 0% used [0x00000000eab00000,0x00000000eab00000,0x00000000f8580000)
  from space 13824K, 0% used [0x00000000f9780000,0x00000000f9780000,0x00000000fa500000)
  to   space 16896K, 0% used [0x00000000f8580000,0x00000000f8580000,0x00000000f9600000)
 ParOldGen       total 88576K, used 22852K [0x00000000c0000000, 0x00000000c5680000, 0x00000000eab00000)
  object space 88576K, 25% used [0x00000000c0000000,0x00000000c1651318,0x00000000c5680000)
 Metaspace       used 34740K, capacity 35284K, committed 35496K, reserved 1079296K
  class space    used 4706K, capacity 4843K, committed 4864K, reserved 1048576K
}

